<?xml version="1.0" encoding="UTF-8"?>
<!-- Generated by org.testng.reporters.JUnitReportReporter -->
<testsuite hostname="DESKTOP-7GQ3JQO" failures="0" tests="2" name="com.actitime.testscript.UserModule" time="11.656" errors="0" timestamp="2024-03-19T12:54:13 IST" skipped="0">
  <testcase classname="com.actitime.testscript.UserModule" name="deleteUser" time="5.595"/>
  <testcase classname="com.actitime.testscript.UserModule" name="createUser" time="6.061"/>
  <system-out>
    <![CDATA[openBrowser
login
logout
login
logout
closeBrowser]]>
  </system-out>
</testsuite> <!-- com.actitime.testscript.UserModule -->
