<?xml version="1.0" encoding="UTF-8"?>
<!-- Generated by org.testng.reporters.JUnitReportReporter -->
<testsuite hostname="DESKTOP-7GQ3JQO" failures="0" tests="1" name="com.actitime.testscript.ProjectModule" time="8.864" errors="0" timestamp="2024-03-15T21:35:52 IST" skipped="0">
  <testcase classname="com.actitime.testscript.ProjectModule" name="createProject" time="8.864"/>
  <system-out>
    <![CDATA[openBrowser
login
logout
closeBrowser]]>
  </system-out>
</testsuite> <!-- com.actitime.testscript.ProjectModule -->
