<?xml version="1.0" encoding="UTF-8"?>
<!-- Generated by org.testng.reporters.JUnitReportReporter -->
<testsuite hostname="DESKTOP-7GQ3JQO" failures="0" tests="2" name="com.actitime.testscript.CustomerModule" time="9.599" errors="0" timestamp="2024-03-19T22:32:00 IST" skipped="0">
  <testcase classname="com.actitime.testscript.CustomerModule" name="createCustomer" time="5.769"/>
  <testcase classname="com.actitime.testscript.CustomerModule" name="deleteCustomer" time="3.830"/>
  <system-out>
    <![CDATA[openBrowser
login
logout
login
logout
closeBrowser]]>
  </system-out>
</testsuite> <!-- com.actitime.testscript.CustomerModule -->
