<?xml version="1.0" encoding="UTF-8"?>
<!-- Generated by org.testng.reporters.JUnitReportReporter -->
<testsuite hostname="DESKTOP-7GQ3JQO" failures="0" tests="1" name="com.actitime.testscript.TaskModule" time="16.138" errors="0" timestamp="2024-03-15T23:36:22 IST" skipped="0">
  <testcase classname="com.actitime.testscript.TaskModule" name="createTask" time="16.138"/>
  <system-out>
    <![CDATA[openBrowser
login
logout
closeBrowser]]>
  </system-out>
</testsuite> <!-- com.actitime.testscript.TaskModule -->
